c:\users\sheph\onedrive\doc\university\cs_&_ph\comp_4490\assignment\assignment2_root\assignment2_q2\opengl\debug\vc142.pdb
c:\users\sheph\onedrive\doc\university\cs_&_ph\comp_4490\assignment\assignment2_root\assignment2_q2\opengl\debug\vc142.idb
c:\users\sheph\onedrive\doc\university\cs_&_ph\comp_4490\assignment\assignment2_root\assignment2_q2\opengl\debug\main.obj
c:\users\sheph\onedrive\doc\university\cs_&_ph\comp_4490\assignment\assignment2_root\assignment2_q2\opengl\debug\framecontrol.obj
c:\users\sheph\onedrive\doc\university\cs_&_ph\comp_4490\assignment\assignment2_root\assignment2_q2\opengl\debug\shape.obj
c:\users\sheph\onedrive\doc\university\cs_&_ph\comp_4490\assignment\assignment2_root\assignment2_q2\opengl\debug\catmull_clark.obj
c:\users\sheph\onedrive\doc\university\cs_&_ph\comp_4490\assignment\assignment2_root\assignment2_q2\opengl\debug\assignment2_q2.obj
c:\users\sheph\onedrive\doc\university\cs_&_ph\comp_4490\assignment\assignment2_root\assignment2_q2\opengl\debug\quad.obj
c:\users\sheph\onedrive\doc\university\cs_&_ph\comp_4490\assignment\assignment2_root\assignment2_q2\opengl\debug\objects.obj
c:\users\sheph\onedrive\doc\university\cs_&_ph\comp_4490\assignment\assignment2_root\assignment2_q2\opengl\debug\face.obj
c:\users\sheph\onedrive\doc\university\cs_&_ph\comp_4490\assignment\assignment2_root\assignment2_q2_v2\opengl\debug\vc142.pdb
c:\users\sheph\onedrive\doc\university\cs_&_ph\comp_4490\assignment\assignment2_root\assignment2_q2_v2\opengl\debug\vc142.idb
c:\users\sheph\onedrive\doc\university\cs_&_ph\comp_4490\assignment\assignment2_root\assignment2_q2_v2\opengl\debug\shape.obj
c:\users\sheph\onedrive\doc\university\cs_&_ph\comp_4490\assignment\assignment2_root\assignment2_q2_v2\opengl\debug\framecontrol.obj
c:\users\sheph\onedrive\doc\university\cs_&_ph\comp_4490\assignment\assignment2_root\assignment2_q2_v2\opengl\debug\main.obj
c:\users\sheph\onedrive\doc\university\cs_&_ph\comp_4490\assignment\assignment2_root\assignment2_q2_v2\opengl\debug\light.obj
c:\users\sheph\onedrive\doc\university\cs_&_ph\comp_4490\assignment\assignment2_root\assignment2_q2_v2\opengl\debug\assignment2_q2.obj
c:\users\sheph\onedrive\doc\university\cs_&_ph\comp_4490\assignment\assignment2_root\assignment2_q2_v2\opengl\debug\quad.obj
c:\users\sheph\onedrive\doc\university\cs_&_ph\comp_4490\assignment\assignment2_root\assignment2_q2_v2\opengl\debug\objects.obj
c:\users\sheph\onedrive\doc\university\cs_&_ph\comp_4490\assignment\assignment2_root\assignment2_q2_v2\opengl\debug\face.obj
c:\users\sheph\onedrive\doc\university\cs_&_ph\comp_4490\assignment\assignment2_root\assignment2_q2_v2\opengl\debug\catmull_clark.obj
c:\users\sheph\onedrive\doc\university\cs_&_ph\comp_4490\assignment\assignment2_root\assignment2_q2_v2\opengl\debug\base.obj
c:\users\sheph\onedrive\doc\university\cs_&_ph\comp_4490\assignment\assignment2_root\assignment2_q2_v2\opengl\debug\cube.obj
c:\users\sheph\onedrive\doc\university\cs_&_ph\comp_4490\assignment\assignment2_root\assignment2_q2_v2\opengl\debug\l_shape.obj
c:\users\sheph\onedrive\doc\university\cs_&_ph\comp_4490\assignment\assignment2_root\assignment2_q2_v2\opengl\debug\t_shape.obj
c:\users\sheph\onedrive\doc\university\cs_&_ph\comp_4490\assignment\assignment2_root\assignment2_q2_v2\opengl\debug\o_shape.obj
c:\users\sheph\onedrive\doc\university\cs_&_ph\comp_4490\assignment\assignment3_root\assignment3\opengl\debug\vc142.pdb
c:\users\sheph\onedrive\doc\university\cs_&_ph\comp_4490\assignment\assignment3_root\assignment3\opengl\debug\vc142.idb
c:\users\sheph\onedrive\doc\university\cs_&_ph\comp_4490\assignment\assignment3_root\assignment3\opengl\debug\shape.obj
c:\users\sheph\onedrive\doc\university\cs_&_ph\comp_4490\assignment\assignment3_root\assignment3\opengl\debug\raytracer.obj
c:\users\sheph\onedrive\doc\university\cs_&_ph\comp_4490\assignment\assignment3_root\assignment3\opengl\debug\q1.obj
c:\users\sheph\onedrive\doc\university\cs_&_ph\comp_4490\assignment\assignment3_root\assignment3\opengl\debug\framecontrol.obj
c:\users\sheph\onedrive\doc\university\cs_&_ph\comp_4490\assignment\assignment3_root\assignment3\opengl\debug\main.obj
c:\users\sheph\onedrive\doc\university\cs_&_ph\comp_4490\assignment\assignment3_root\assignment3\opengl\debug\utli.obj
c:\users\sheph\onedrive\doc\university\cs_&_ph\comp_4490\assignment\assignment3_root\assignment3\opengl\debug\sphere.obj
c:\users\sheph\onedrive\doc\university\cs_&_ph\comp_4490\assignment\assignment2_root\assignment2_q2\build\assignment2_q2.exe
c:\users\sheph\onedrive\doc\university\cs_&_ph\comp_4490\assignment\assignment2_root\assignment2_q2\build\assignment2_q2.ilk
c:\users\sheph\onedrive\doc\university\cs_&_ph\comp_4490\assignment\assignment2_root\assignment2_q2\build\assignment2_q2.pdb
c:\users\sheph\onedrive\doc\university\cs_&_ph\comp_4490\assignment\assignment2_root\assignment2_q2_v2\build\assignment2_q2.exe
c:\users\sheph\onedrive\doc\university\cs_&_ph\comp_4490\assignment\assignment2_root\assignment2_q2_v2\build\assignment2_q2.ilk
c:\users\sheph\onedrive\doc\university\cs_&_ph\comp_4490\assignment\assignment2_root\assignment2_q2_v2\build\assignment2_q2.pdb
c:\users\sheph\onedrive\doc\university\cs_&_ph\comp_4490\assignment\assignment3_root\assignment3\build\assignment2_q2.exe
c:\users\sheph\onedrive\doc\university\cs_&_ph\comp_4490\assignment\assignment3_root\assignment3\build\assignment2_q2.ilk
c:\users\sheph\onedrive\doc\university\cs_&_ph\comp_4490\assignment\assignment3_root\assignment3\build\assignment2_q2.pdb
c:\users\sheph\onedrive\doc\university\cs_&_ph\comp_4490\assignment\assignment2_root\assignment2_q2\opengl\debug\assignment1.res
c:\users\sheph\onedrive\doc\university\cs_&_ph\comp_4490\assignment\assignment2_root\assignment2_q2_v2\opengl\debug\assignment1.res
c:\users\sheph\onedrive\doc\university\cs_&_ph\comp_4490\assignment\assignment3_root\assignment3\opengl\debug\assignment1.res
c:\users\sheph\onedrive\doc\university\cs_&_ph\comp_4490\assignment\assignment3_root\assignment3\opengl\debug\assignment1.obj
c:\users\sheph\onedrive\doc\university\cs_&_ph\comp_4490\assignment\assignment3_root\assignment3\opengl\debug\assignment2_q2.obj
c:\users\sheph\onedrive\doc\university\cs_&_ph\comp_4490\assignment\assignment3_root\assignment3\opengl\debug\ball.obj
c:\users\sheph\onedrive\doc\university\cs_&_ph\comp_4490\assignment\assignment3_root\assignment3\opengl\debug\base.obj
c:\users\sheph\onedrive\doc\university\cs_&_ph\comp_4490\assignment\assignment3_root\assignment3\opengl\debug\catmull_clark.obj
c:\users\sheph\onedrive\doc\university\cs_&_ph\comp_4490\assignment\assignment3_root\assignment3\opengl\debug\circle.obj
c:\users\sheph\onedrive\doc\university\cs_&_ph\comp_4490\assignment\assignment3_root\assignment3\opengl\debug\cube.obj
c:\users\sheph\onedrive\doc\university\cs_&_ph\comp_4490\assignment\assignment3_root\assignment3\opengl\debug\example6.obj
c:\users\sheph\onedrive\doc\university\cs_&_ph\comp_4490\assignment\assignment3_root\assignment3\opengl\debug\face.obj
c:\users\sheph\onedrive\doc\university\cs_&_ph\comp_4490\assignment\assignment3_root\assignment3\opengl\debug\grid.obj
c:\users\sheph\onedrive\doc\university\cs_&_ph\comp_4490\assignment\assignment3_root\assignment3\opengl\debug\light.obj
c:\users\sheph\onedrive\doc\university\cs_&_ph\comp_4490\assignment\assignment3_root\assignment3\opengl\debug\l_shape.obj
c:\users\sheph\onedrive\doc\university\cs_&_ph\comp_4490\assignment\assignment3_root\assignment3\opengl\debug\objects.obj
c:\users\sheph\onedrive\doc\university\cs_&_ph\comp_4490\assignment\assignment3_root\assignment3\opengl\debug\o_shape.obj
c:\users\sheph\onedrive\doc\university\cs_&_ph\comp_4490\assignment\assignment3_root\assignment3\opengl\debug\quad.obj
c:\users\sheph\onedrive\doc\university\cs_&_ph\comp_4490\assignment\assignment3_root\assignment3\opengl\debug\shader.obj
c:\users\sheph\onedrive\doc\university\cs_&_ph\comp_4490\assignment\assignment3_root\assignment3\opengl\debug\t_shape.obj
c:\users\sheph\onedrive\doc\university\cs_&_ph\comp_4490\assignment\assignment3_root\assignment3\opengl\debug\objects.new.obj.enc
c:\users\sheph\onedrive\doc\university\cs_&_ph\comp_4490\assignment\assignment3_root\assignment3\opengl\debug\quad.new.obj.enc
c:\users\sheph\onedrive\doc\university\cs_&_ph\comp_4490\assignment\assignment3_root\assignment3\opengl\debug\shape.new.obj.enc
c:\users\sheph\onedrive\doc\university\cs_&_ph\comp_4490\assignment\assignment3_root\assignment3\\build\assignment2_q2.pdb
c:\users\sheph\onedrive\doc\university\cs_&_ph\comp_4490\assignment\assignment3_root\assignment3\opengl\debug\assignment2_q2.tlog\cl.command.1.tlog
c:\users\sheph\onedrive\doc\university\cs_&_ph\comp_4490\assignment\assignment3_root\assignment3\opengl\debug\assignment2_q2.tlog\cl.read.1.tlog
c:\users\sheph\onedrive\doc\university\cs_&_ph\comp_4490\assignment\assignment3_root\assignment3\opengl\debug\assignment2_q2.tlog\cl.write.1.tlog
c:\users\sheph\onedrive\doc\university\cs_&_ph\comp_4490\assignment\assignment3_root\assignment3\opengl\debug\assignment2_q2.tlog\link.8020-cvtres.read.1.tlog
c:\users\sheph\onedrive\doc\university\cs_&_ph\comp_4490\assignment\assignment3_root\assignment3\opengl\debug\assignment2_q2.tlog\link.8020-cvtres.write.1.tlog
c:\users\sheph\onedrive\doc\university\cs_&_ph\comp_4490\assignment\assignment3_root\assignment3\opengl\debug\assignment2_q2.tlog\link.8020-rc.read.1.tlog
c:\users\sheph\onedrive\doc\university\cs_&_ph\comp_4490\assignment\assignment3_root\assignment3\opengl\debug\assignment2_q2.tlog\link.8020-rc.write.1.tlog
c:\users\sheph\onedrive\doc\university\cs_&_ph\comp_4490\assignment\assignment3_root\assignment3\opengl\debug\assignment2_q2.tlog\link.8020.read.1.tlog
c:\users\sheph\onedrive\doc\university\cs_&_ph\comp_4490\assignment\assignment3_root\assignment3\opengl\debug\assignment2_q2.tlog\link.8020.write.1.tlog
c:\users\sheph\onedrive\doc\university\cs_&_ph\comp_4490\assignment\assignment3_root\assignment3\opengl\debug\assignment2_q2.tlog\link.command.1.tlog
c:\users\sheph\onedrive\doc\university\cs_&_ph\comp_4490\assignment\assignment3_root\assignment3\opengl\debug\assignment2_q2.tlog\link.read.1.tlog
c:\users\sheph\onedrive\doc\university\cs_&_ph\comp_4490\assignment\assignment3_root\assignment3\opengl\debug\assignment2_q2.tlog\link.write.1.tlog
c:\users\sheph\onedrive\doc\university\cs_&_ph\comp_4490\assignment\assignment3_root\assignment3\opengl\debug\assignment2_q2.tlog\rc.command.1.tlog
c:\users\sheph\onedrive\doc\university\cs_&_ph\comp_4490\assignment\assignment3_root\assignment3\opengl\debug\assignment2_q2.tlog\rc.read.1.tlog
c:\users\sheph\onedrive\doc\university\cs_&_ph\comp_4490\assignment\assignment3_root\assignment3\opengl\debug\assignment2_q2.tlog\rc.write.1.tlog
