d:\onedrive\doc\university\cs_&_ph\comp_4490\assignment\assignment1 - modified\opengl\debug\vc142.pdb
d:\onedrive\doc\university\cs_&_ph\comp_4490\assignment\assignment1 - modified\opengl\debug\vc142.idb
d:\onedrive\doc\university\cs_&_ph\comp_4490\assignment\assignment1 - modified\opengl\debug\main.obj
d:\onedrive\doc\university\cs_&_ph\comp_4490\assignment\assignment1 - modified\opengl\debug\framecontrol.obj
d:\onedrive\doc\university\cs_&_ph\comp_4490\assignment\assignment1 - modified\opengl\debug\circle.obj
d:\onedrive\doc\university\cs_&_ph\comp_4490\assignment\assignment1 - modified\opengl\debug\grid.obj
d:\onedrive\doc\university\cs_&_ph\comp_4490\assignment\assignment1 - modified\opengl\debug\light.obj
d:\onedrive\doc\university\cs_&_ph\comp_4490\assignment\assignment1 - modified\opengl\debug\shader.obj
d:\onedrive\doc\university\cs_&_ph\comp_4490\assignment\assignment1 - modified\opengl\debug\shape.obj
d:\onedrive\doc\university\cs_&_ph\comp_4490\assignment\assignment1 - modified\opengl\debug\example6.obj
d:\onedrive\doc\university\cs_&_ph\comp_4490\assignment\assignment1 - modified\opengl\debug\ball.obj
d:\onedrive\doc\university\cs_&_ph\comp_4490\assignment\assignment1 - modified\build\assignment1.ilk
d:\onedrive\doc\university\cs_&_ph\comp_4490\assignment\assignment1 - modified\build\assignment1.exe
d:\onedrive\doc\university\cs_&_ph\comp_4490\assignment\assignment1 - modified\build\assignment1.pdb
d:\onedrive\doc\university\cs_&_ph\comp_4490\assignment\assignment1 - modified\opengl\debug\assignment1.res
d:\onedrive\doc\university\cs_&_ph\comp_4490\assignment\assignment1 - modified\opengl\debug\example0.obj
d:\onedrive\doc\university\cs_&_ph\comp_4490\assignment\assignment1 - modified\opengl\debug\matrixstack.obj
d:\onedrive\doc\university\cs_&_ph\comp_4490\assignment\assignment1 - modified\opengl\debug\example6.obj.enc
d:\onedrive\doc\university\cs_&_ph\comp_4490\assignment\assignment1 - modified\opengl\debug\grid.new.obj.enc
d:\onedrive\doc\university\cs_&_ph\comp_4490\assignment\assignment1 - modified\opengl\debug\main.new.obj.enc
d:\onedrive\doc\university\cs_&_ph\comp_4490\assignment\assignment1 - modified\opengl\debug\shape.new.obj.enc
d:\onedrive\doc\university\cs_&_ph\comp_4490\assignment\assignment1 - modified\\build\assignment1.pdb
d:\onedrive\doc\university\cs_&_ph\comp_4490\assignment\assignment1 - modified\\build\assignment1.exe
d:\onedrive\doc\university\cs_&_ph\comp_4490\assignment\assignment1 - modified\\build\assignment1.ilk
d:\onedrive\doc\university\cs_&_ph\comp_4490\assignment\assignment1 - modified\opengl\debug\assignment1.tlog\cl.command.1.tlog
d:\onedrive\doc\university\cs_&_ph\comp_4490\assignment\assignment1 - modified\opengl\debug\assignment1.tlog\cl.read.1.tlog
d:\onedrive\doc\university\cs_&_ph\comp_4490\assignment\assignment1 - modified\opengl\debug\assignment1.tlog\cl.write.1.tlog
d:\onedrive\doc\university\cs_&_ph\comp_4490\assignment\assignment1 - modified\opengl\debug\assignment1.tlog\link.command.1.tlog
d:\onedrive\doc\university\cs_&_ph\comp_4490\assignment\assignment1 - modified\opengl\debug\assignment1.tlog\link.read.1.tlog
d:\onedrive\doc\university\cs_&_ph\comp_4490\assignment\assignment1 - modified\opengl\debug\assignment1.tlog\link.write.1.tlog
d:\onedrive\doc\university\cs_&_ph\comp_4490\assignment\assignment1 - modified\opengl\debug\assignment1.tlog\rc.command.1.tlog
d:\onedrive\doc\university\cs_&_ph\comp_4490\assignment\assignment1 - modified\opengl\debug\assignment1.tlog\rc.read.1.tlog
d:\onedrive\doc\university\cs_&_ph\comp_4490\assignment\assignment1 - modified\opengl\debug\assignment1.tlog\rc.write.1.tlog
