c:\users\sheph\onedrive\doc\university\cs_&_ph\comp_4490\assignment\project\project_2\opengl\debug\vc142.pdb
c:\users\sheph\onedrive\doc\university\cs_&_ph\comp_4490\assignment\project\project_2\opengl\debug\vc142.idb
c:\users\sheph\onedrive\doc\university\cs_&_ph\comp_4490\assignment\project\project_2\opengl\debug\utli.nativecodeanalysis.sarif
c:\users\sheph\onedrive\doc\university\cs_&_ph\comp_4490\assignment\project\project_2\opengl\debug\utli.nativecodeanalysis.xml
c:\users\sheph\onedrive\doc\university\cs_&_ph\comp_4490\assignment\project\project_2\opengl\debug\triangle.nativecodeanalysis.sarif
c:\users\sheph\onedrive\doc\university\cs_&_ph\comp_4490\assignment\project\project_2\opengl\debug\triangle.nativecodeanalysis.xml
c:\users\sheph\onedrive\doc\university\cs_&_ph\comp_4490\assignment\project\project_2\opengl\debug\toroids.nativecodeanalysis.sarif
c:\users\sheph\onedrive\doc\university\cs_&_ph\comp_4490\assignment\project\project_2\opengl\debug\toroids.nativecodeanalysis.xml
c:\users\sheph\onedrive\doc\university\cs_&_ph\comp_4490\assignment\project\project_2\opengl\debug\sphere.nativecodeanalysis.sarif
c:\users\sheph\onedrive\doc\university\cs_&_ph\comp_4490\assignment\project\project_2\opengl\debug\sphere.nativecodeanalysis.xml
c:\users\sheph\onedrive\doc\university\cs_&_ph\comp_4490\assignment\project\project_2\opengl\debug\refractionstack.nativecodeanalysis.sarif
c:\users\sheph\onedrive\doc\university\cs_&_ph\comp_4490\assignment\project\project_2\opengl\debug\refractionstack.nativecodeanalysis.xml
c:\users\sheph\onedrive\doc\university\cs_&_ph\comp_4490\assignment\project\project_2\opengl\debug\raytracer.nativecodeanalysis.sarif
c:\users\sheph\onedrive\doc\university\cs_&_ph\comp_4490\assignment\project\project_2\opengl\debug\raytracer.nativecodeanalysis.xml
c:\users\sheph\onedrive\doc\university\cs_&_ph\comp_4490\assignment\project\project_2\opengl\debug\quartic.nativecodeanalysis.sarif
c:\users\sheph\onedrive\doc\university\cs_&_ph\comp_4490\assignment\project\project_2\opengl\debug\quartic.nativecodeanalysis.xml
c:\users\sheph\onedrive\doc\university\cs_&_ph\comp_4490\assignment\project\project_2\opengl\debug\q1.nativecodeanalysis.sarif
c:\users\sheph\onedrive\doc\university\cs_&_ph\comp_4490\assignment\project\project_2\opengl\debug\q1.nativecodeanalysis.xml
c:\users\sheph\onedrive\doc\university\cs_&_ph\comp_4490\assignment\project\project_2\opengl\debug\plane.nativecodeanalysis.sarif
c:\users\sheph\onedrive\doc\university\cs_&_ph\comp_4490\assignment\project\project_2\opengl\debug\plane.nativecodeanalysis.xml
c:\users\sheph\onedrive\doc\university\cs_&_ph\comp_4490\assignment\project\project_2\opengl\debug\objectlist.nativecodeanalysis.sarif
c:\users\sheph\onedrive\doc\university\cs_&_ph\comp_4490\assignment\project\project_2\opengl\debug\objectlist.nativecodeanalysis.xml
c:\users\sheph\onedrive\doc\university\cs_&_ph\comp_4490\assignment\project\project_2\opengl\debug\object.nativecodeanalysis.sarif
c:\users\sheph\onedrive\doc\university\cs_&_ph\comp_4490\assignment\project\project_2\opengl\debug\object.nativecodeanalysis.xml
c:\users\sheph\onedrive\doc\university\cs_&_ph\comp_4490\assignment\project\project_2\opengl\debug\meshs.nativecodeanalysis.sarif
c:\users\sheph\onedrive\doc\university\cs_&_ph\comp_4490\assignment\project\project_2\opengl\debug\meshs.nativecodeanalysis.xml
c:\users\sheph\onedrive\doc\university\cs_&_ph\comp_4490\assignment\project\project_2\opengl\debug\main.nativecodeanalysis.sarif
c:\users\sheph\onedrive\doc\university\cs_&_ph\comp_4490\assignment\project\project_2\opengl\debug\main.nativecodeanalysis.xml
c:\users\sheph\onedrive\doc\university\cs_&_ph\comp_4490\assignment\project\project_2\opengl\debug\light.nativecodeanalysis.sarif
c:\users\sheph\onedrive\doc\university\cs_&_ph\comp_4490\assignment\project\project_2\opengl\debug\light.nativecodeanalysis.xml
c:\users\sheph\onedrive\doc\university\cs_&_ph\comp_4490\assignment\project\project_2\opengl\debug\cylinder.nativecodeanalysis.sarif
c:\users\sheph\onedrive\doc\university\cs_&_ph\comp_4490\assignment\project\project_2\opengl\debug\cylinder.nativecodeanalysis.xml
c:\users\sheph\onedrive\doc\university\cs_&_ph\comp_4490\assignment\project\project_2\opengl\debug\core.nativecodeanalysis.sarif
c:\users\sheph\onedrive\doc\university\cs_&_ph\comp_4490\assignment\project\project_2\opengl\debug\core.nativecodeanalysis.xml
c:\users\sheph\onedrive\doc\university\cs_&_ph\comp_4490\assignment\project\project_2\opengl\debug\cones.nativecodeanalysis.sarif
c:\users\sheph\onedrive\doc\university\cs_&_ph\comp_4490\assignment\project\project_2\opengl\debug\cones.nativecodeanalysis.xml
c:\users\sheph\onedrive\doc\university\cs_&_ph\comp_4490\assignment\project\project_2\opengl\debug\camera.nativecodeanalysis.sarif
c:\users\sheph\onedrive\doc\university\cs_&_ph\comp_4490\assignment\project\project_2\opengl\debug\camera.nativecodeanalysis.xml
c:\users\sheph\onedrive\doc\university\cs_&_ph\comp_4490\assignment\project\project_2\opengl\debug\basicnode.nativecodeanalysis.sarif
c:\users\sheph\onedrive\doc\university\cs_&_ph\comp_4490\assignment\project\project_2\opengl\debug\basicnode.nativecodeanalysis.xml
c:\users\sheph\onedrive\doc\university\cs_&_ph\comp_4490\assignment\project\project_2\opengl\debug\aabb.nativecodeanalysis.sarif
c:\users\sheph\onedrive\doc\university\cs_&_ph\comp_4490\assignment\project\project_2\opengl\debug\aabb.nativecodeanalysis.xml
c:\users\sheph\onedrive\doc\university\cs_&_ph\comp_4490\assignment\project\project_2\opengl\debug\aabb.obj
c:\users\sheph\onedrive\doc\university\cs_&_ph\comp_4490\assignment\project\project_2\opengl\debug\basicnode.obj
c:\users\sheph\onedrive\doc\university\cs_&_ph\comp_4490\assignment\project\project_2\opengl\debug\camera.obj
c:\users\sheph\onedrive\doc\university\cs_&_ph\comp_4490\assignment\project\project_2\opengl\debug\cones.obj
c:\users\sheph\onedrive\doc\university\cs_&_ph\comp_4490\assignment\project\project_2\opengl\debug\core.obj
c:\users\sheph\onedrive\doc\university\cs_&_ph\comp_4490\assignment\project\project_2\opengl\debug\cylinder.obj
c:\users\sheph\onedrive\doc\university\cs_&_ph\comp_4490\assignment\project\project_2\opengl\debug\light.obj
c:\users\sheph\onedrive\doc\university\cs_&_ph\comp_4490\assignment\project\project_2\opengl\debug\main.obj
c:\users\sheph\onedrive\doc\university\cs_&_ph\comp_4490\assignment\project\project_2\opengl\debug\meshs.obj
c:\users\sheph\onedrive\doc\university\cs_&_ph\comp_4490\assignment\project\project_2\opengl\debug\object.obj
c:\users\sheph\onedrive\doc\university\cs_&_ph\comp_4490\assignment\project\project_2\opengl\debug\objectlist.obj
c:\users\sheph\onedrive\doc\university\cs_&_ph\comp_4490\assignment\project\project_2\opengl\debug\plane.obj
c:\users\sheph\onedrive\doc\university\cs_&_ph\comp_4490\assignment\project\project_2\opengl\debug\q1.obj
c:\users\sheph\onedrive\doc\university\cs_&_ph\comp_4490\assignment\project\project_2\opengl\debug\quartic.obj
c:\users\sheph\onedrive\doc\university\cs_&_ph\comp_4490\assignment\project\project_2\opengl\debug\raytracer.obj
c:\users\sheph\onedrive\doc\university\cs_&_ph\comp_4490\assignment\project\project_2\opengl\debug\refractionstack.obj
c:\users\sheph\onedrive\doc\university\cs_&_ph\comp_4490\assignment\project\project_2\opengl\debug\sphere.obj
c:\users\sheph\onedrive\doc\university\cs_&_ph\comp_4490\assignment\project\project_2\opengl\debug\toroids.obj
c:\users\sheph\onedrive\doc\university\cs_&_ph\comp_4490\assignment\project\project_2\opengl\debug\triangle.obj
c:\users\sheph\onedrive\doc\university\cs_&_ph\comp_4490\assignment\project\project_2\opengl\debug\utli.obj
c:\users\sheph\onedrive\doc\university\cs_&_ph\comp_4490\assignment\project\project_2_v2\opengl\debug\vc142.pdb
c:\users\sheph\onedrive\doc\university\cs_&_ph\comp_4490\assignment\project\project_2_v2\opengl\debug\vc142.idb
c:\users\sheph\onedrive\doc\university\cs_&_ph\comp_4490\assignment\project\project_2_v2\opengl\debug\utli.obj
c:\users\sheph\onedrive\doc\university\cs_&_ph\comp_4490\assignment\project\project_2_v2\opengl\debug\triangle.obj
c:\users\sheph\onedrive\doc\university\cs_&_ph\comp_4490\assignment\project\project_2_v2\opengl\debug\toroids.obj
c:\users\sheph\onedrive\doc\university\cs_&_ph\comp_4490\assignment\project\project_2_v2\opengl\debug\sphere.obj
c:\users\sheph\onedrive\doc\university\cs_&_ph\comp_4490\assignment\project\project_2_v2\opengl\debug\refractionstack.obj
c:\users\sheph\onedrive\doc\university\cs_&_ph\comp_4490\assignment\project\project_2_v2\opengl\debug\raytracer.obj
c:\users\sheph\onedrive\doc\university\cs_&_ph\comp_4490\assignment\project\project_2_v2\opengl\debug\quartic.obj
c:\users\sheph\onedrive\doc\university\cs_&_ph\comp_4490\assignment\project\project_2_v2\opengl\debug\q1.obj
c:\users\sheph\onedrive\doc\university\cs_&_ph\comp_4490\assignment\project\project_2_v2\opengl\debug\plane.obj
c:\users\sheph\onedrive\doc\university\cs_&_ph\comp_4490\assignment\project\project_2_v2\opengl\debug\objectlist.obj
c:\users\sheph\onedrive\doc\university\cs_&_ph\comp_4490\assignment\project\project_2_v2\opengl\debug\object.obj
c:\users\sheph\onedrive\doc\university\cs_&_ph\comp_4490\assignment\project\project_2_v2\opengl\debug\meshs.obj
c:\users\sheph\onedrive\doc\university\cs_&_ph\comp_4490\assignment\project\project_2_v2\opengl\debug\main.obj
c:\users\sheph\onedrive\doc\university\cs_&_ph\comp_4490\assignment\project\project_2_v2\opengl\debug\light.obj
c:\users\sheph\onedrive\doc\university\cs_&_ph\comp_4490\assignment\project\project_2_v2\opengl\debug\cylinder.obj
c:\users\sheph\onedrive\doc\university\cs_&_ph\comp_4490\assignment\project\project_2_v2\opengl\debug\core.obj
c:\users\sheph\onedrive\doc\university\cs_&_ph\comp_4490\assignment\project\project_2_v2\opengl\debug\cones.obj
c:\users\sheph\onedrive\doc\university\cs_&_ph\comp_4490\assignment\project\project_2_v2\opengl\debug\camera.obj
c:\users\sheph\onedrive\doc\university\cs_&_ph\comp_4490\assignment\project\project_2_v2\opengl\debug\basicnode.obj
c:\users\sheph\onedrive\doc\university\cs_&_ph\comp_4490\assignment\project\project_2_v2\opengl\debug\aabb.obj
c:\users\sheph\onedrive\doc\university\cs_&_ph\comp_4490\assignment\project\project_2_v3\opengl\debug\vc142.pdb
c:\users\sheph\onedrive\doc\university\cs_&_ph\comp_4490\assignment\project\project_2_v3\opengl\debug\vc142.idb
c:\users\sheph\onedrive\doc\university\cs_&_ph\comp_4490\assignment\project\project_2_v3\opengl\debug\utli.obj
c:\users\sheph\onedrive\doc\university\cs_&_ph\comp_4490\assignment\project\project_2_v3\opengl\debug\triangle.obj
c:\users\sheph\onedrive\doc\university\cs_&_ph\comp_4490\assignment\project\project_2_v3\opengl\debug\toroids.obj
c:\users\sheph\onedrive\doc\university\cs_&_ph\comp_4490\assignment\project\project_2_v3\opengl\debug\sphere.obj
c:\users\sheph\onedrive\doc\university\cs_&_ph\comp_4490\assignment\project\project_2_v3\opengl\debug\refractionstack.obj
c:\users\sheph\onedrive\doc\university\cs_&_ph\comp_4490\assignment\project\project_2_v3\opengl\debug\raytracer.obj
c:\users\sheph\onedrive\doc\university\cs_&_ph\comp_4490\assignment\project\project_2_v3\opengl\debug\quartic.obj
c:\users\sheph\onedrive\doc\university\cs_&_ph\comp_4490\assignment\project\project_2_v3\opengl\debug\q1.obj
c:\users\sheph\onedrive\doc\university\cs_&_ph\comp_4490\assignment\project\project_2_v3\opengl\debug\plane.obj
c:\users\sheph\onedrive\doc\university\cs_&_ph\comp_4490\assignment\project\project_2_v3\opengl\debug\objectlist.obj
c:\users\sheph\onedrive\doc\university\cs_&_ph\comp_4490\assignment\project\project_2_v3\opengl\debug\object.obj
c:\users\sheph\onedrive\doc\university\cs_&_ph\comp_4490\assignment\project\project_2_v3\opengl\debug\meshs.obj
c:\users\sheph\onedrive\doc\university\cs_&_ph\comp_4490\assignment\project\project_2_v3\opengl\debug\main.obj
c:\users\sheph\onedrive\doc\university\cs_&_ph\comp_4490\assignment\project\project_2_v3\opengl\debug\light.obj
c:\users\sheph\onedrive\doc\university\cs_&_ph\comp_4490\assignment\project\project_2_v3\opengl\debug\cylinder.obj
c:\users\sheph\onedrive\doc\university\cs_&_ph\comp_4490\assignment\project\project_2_v3\opengl\debug\core.obj
c:\users\sheph\onedrive\doc\university\cs_&_ph\comp_4490\assignment\project\project_2_v3\opengl\debug\cones.obj
c:\users\sheph\onedrive\doc\university\cs_&_ph\comp_4490\assignment\project\project_2_v3\opengl\debug\camera.obj
c:\users\sheph\onedrive\doc\university\cs_&_ph\comp_4490\assignment\project\project_2_v3\opengl\debug\basicnode.obj
c:\users\sheph\onedrive\doc\university\cs_&_ph\comp_4490\assignment\project\project_2_v3\opengl\debug\aabb.obj
c:\users\sheph\onedrive\doc\university\cs_&_ph\comp_4490\assignment\project\project_2\build\project_v2.ilk
c:\users\sheph\onedrive\doc\university\cs_&_ph\comp_4490\assignment\project\project_2\build\project_v2.exe
c:\users\sheph\onedrive\doc\university\cs_&_ph\comp_4490\assignment\project\project_2\build\project_v2.pdb
c:\users\sheph\onedrive\doc\university\cs_&_ph\comp_4490\assignment\project\project_2_v2\build\project_v2.exe
c:\users\sheph\onedrive\doc\university\cs_&_ph\comp_4490\assignment\project\project_2_v2\build\project_v2.ilk
c:\users\sheph\onedrive\doc\university\cs_&_ph\comp_4490\assignment\project\project_2_v2\build\project_v2.pdb
c:\users\sheph\onedrive\doc\university\cs_&_ph\comp_4490\assignment\project\project_2_v3\build\project_v2.exe
c:\users\sheph\onedrive\doc\university\cs_&_ph\comp_4490\assignment\project\project_2_v3\build\project_v2.ilk
c:\users\sheph\onedrive\doc\university\cs_&_ph\comp_4490\assignment\project\project_2_v3\build\project_v2.pdb
c:\users\sheph\onedrive\doc\university\cs_&_ph\comp_4490\assignment\project\project_2\opengl\debug\assignment1.res
c:\users\sheph\onedrive\doc\university\cs_&_ph\comp_4490\assignment\project\project_2_v2\opengl\debug\assignment1.res
c:\users\sheph\onedrive\doc\university\cs_&_ph\comp_4490\assignment\project\project_2_v3\opengl\debug\assignment1.res
c:\users\sheph\onedrive\doc\university\cs_&_ph\comp_4490\assignment\project\project_2_v3\opengl\debug\nativecodeanalysis.read.1.tlog
c:\users\sheph\onedrive\doc\university\cs_&_ph\comp_4490\assignment\project\project_2_v3\opengl\debug\aabb.nativecodeanalysis.xml
c:\users\sheph\onedrive\doc\university\cs_&_ph\comp_4490\assignment\project\project_2_v3\opengl\debug\basicnode.nativecodeanalysis.xml
c:\users\sheph\onedrive\doc\university\cs_&_ph\comp_4490\assignment\project\project_2_v3\opengl\debug\camera.nativecodeanalysis.xml
c:\users\sheph\onedrive\doc\university\cs_&_ph\comp_4490\assignment\project\project_2_v3\opengl\debug\cones.nativecodeanalysis.xml
c:\users\sheph\onedrive\doc\university\cs_&_ph\comp_4490\assignment\project\project_2_v3\opengl\debug\core.nativecodeanalysis.xml
c:\users\sheph\onedrive\doc\university\cs_&_ph\comp_4490\assignment\project\project_2_v3\opengl\debug\cylinder.nativecodeanalysis.xml
c:\users\sheph\onedrive\doc\university\cs_&_ph\comp_4490\assignment\project\project_2_v3\opengl\debug\light.nativecodeanalysis.xml
c:\users\sheph\onedrive\doc\university\cs_&_ph\comp_4490\assignment\project\project_2_v3\opengl\debug\main.nativecodeanalysis.xml
c:\users\sheph\onedrive\doc\university\cs_&_ph\comp_4490\assignment\project\project_2_v3\opengl\debug\meshs.nativecodeanalysis.xml
c:\users\sheph\onedrive\doc\university\cs_&_ph\comp_4490\assignment\project\project_2_v3\opengl\debug\object.nativecodeanalysis.xml
c:\users\sheph\onedrive\doc\university\cs_&_ph\comp_4490\assignment\project\project_2_v3\opengl\debug\objectlist.nativecodeanalysis.xml
c:\users\sheph\onedrive\doc\university\cs_&_ph\comp_4490\assignment\project\project_2_v3\opengl\debug\plane.nativecodeanalysis.xml
c:\users\sheph\onedrive\doc\university\cs_&_ph\comp_4490\assignment\project\project_2_v3\opengl\debug\q1.nativecodeanalysis.xml
c:\users\sheph\onedrive\doc\university\cs_&_ph\comp_4490\assignment\project\project_2_v3\opengl\debug\quartic.nativecodeanalysis.xml
c:\users\sheph\onedrive\doc\university\cs_&_ph\comp_4490\assignment\project\project_2_v3\opengl\debug\raytracer.nativecodeanalysis.xml
c:\users\sheph\onedrive\doc\university\cs_&_ph\comp_4490\assignment\project\project_2_v3\opengl\debug\refractionstack.nativecodeanalysis.xml
c:\users\sheph\onedrive\doc\university\cs_&_ph\comp_4490\assignment\project\project_2_v3\opengl\debug\sphere.nativecodeanalysis.xml
c:\users\sheph\onedrive\doc\university\cs_&_ph\comp_4490\assignment\project\project_2_v3\opengl\debug\toroids.nativecodeanalysis.xml
c:\users\sheph\onedrive\doc\university\cs_&_ph\comp_4490\assignment\project\project_2_v3\opengl\debug\triangle.nativecodeanalysis.xml
c:\users\sheph\onedrive\doc\university\cs_&_ph\comp_4490\assignment\project\project_2_v3\opengl\debug\utli.nativecodeanalysis.xml
c:\users\sheph\onedrive\doc\university\cs_&_ph\comp_4490\assignment\project\project_2_v3\opengl\debug\vc.nativecodeanalysis.all.xml
c:\users\sheph\onedrive\doc\university\cs_&_ph\comp_4490\assignment\project\project_2_v3\\build\project_v2.pdb
c:\users\sheph\onedrive\doc\university\cs_&_ph\comp_4490\assignment\project\project_2_v3\\build\project_v2.exe
c:\users\sheph\onedrive\doc\university\cs_&_ph\comp_4490\assignment\project\project_2_v3\\build\project_v2.ilk
c:\users\sheph\onedrive\doc\university\cs_&_ph\comp_4490\assignment\project\project_2_v3\opengl\debug\project_v2.tlog\cl.command.1.tlog
c:\users\sheph\onedrive\doc\university\cs_&_ph\comp_4490\assignment\project\project_2_v3\opengl\debug\project_v2.tlog\cl.read.1.tlog
c:\users\sheph\onedrive\doc\university\cs_&_ph\comp_4490\assignment\project\project_2_v3\opengl\debug\project_v2.tlog\cl.write.1.tlog
c:\users\sheph\onedrive\doc\university\cs_&_ph\comp_4490\assignment\project\project_2_v3\opengl\debug\project_v2.tlog\link.command.1.tlog
c:\users\sheph\onedrive\doc\university\cs_&_ph\comp_4490\assignment\project\project_2_v3\opengl\debug\project_v2.tlog\link.read.1.tlog
c:\users\sheph\onedrive\doc\university\cs_&_ph\comp_4490\assignment\project\project_2_v3\opengl\debug\project_v2.tlog\link.write.1.tlog
c:\users\sheph\onedrive\doc\university\cs_&_ph\comp_4490\assignment\project\project_2_v3\opengl\debug\project_v2.tlog\rc.command.1.tlog
c:\users\sheph\onedrive\doc\university\cs_&_ph\comp_4490\assignment\project\project_2_v3\opengl\debug\project_v2.tlog\rc.read.1.tlog
c:\users\sheph\onedrive\doc\university\cs_&_ph\comp_4490\assignment\project\project_2_v3\opengl\debug\project_v2.tlog\rc.write.1.tlog
