c:\users\sheph\onedrive\doc\university\cs_&_ph\comp_4490\assignment\assignment2_root\assignment2\opengl\debug\vc142.pdb
c:\users\sheph\onedrive\doc\university\cs_&_ph\comp_4490\assignment\assignment2_root\assignment2\opengl\debug\vc142.idb
c:\users\sheph\onedrive\doc\university\cs_&_ph\comp_4490\assignment\assignment2_root\assignment2\opengl\debug\shape.obj
c:\users\sheph\onedrive\doc\university\cs_&_ph\comp_4490\assignment\assignment2_root\assignment2\opengl\debug\mousehandler.obj
c:\users\sheph\onedrive\doc\university\cs_&_ph\comp_4490\assignment\assignment2_root\assignment2\opengl\debug\framecontrol.obj
c:\users\sheph\onedrive\doc\university\cs_&_ph\comp_4490\assignment\assignment2_root\assignment2\opengl\debug\main.obj
c:\users\sheph\onedrive\doc\university\cs_&_ph\comp_4490\assignment\assignment2_root\assignment2\opengl\debug\lines.obj
c:\users\sheph\onedrive\doc\university\cs_&_ph\comp_4490\assignment\assignment2_root\assignment2\opengl\debug\example6.obj
c:\users\sheph\onedrive\doc\university\cs_&_ph\comp_4490\assignment\assignment2_root\assignment2\opengl\debug\basicalgorithm.obj
c:\users\sheph\onedrive\doc\university\cs_&_ph\comp_4490\assignment\assignment2_root\assignment2\build\assignment1.exe
c:\users\sheph\onedrive\doc\university\cs_&_ph\comp_4490\assignment\assignment2_root\assignment2\build\assignment1.ilk
c:\users\sheph\onedrive\doc\university\cs_&_ph\comp_4490\assignment\assignment2_root\assignment2\build\assignment1.pdb
c:\users\sheph\onedrive\doc\university\cs_&_ph\comp_4490\assignment\assignment2_root\assignment2\opengl\debug\assignment1.res
c:\users\sheph\onedrive\doc\university\cs_&_ph\comp_4490\assignment\assignment2_root\assignment2\\build\assignment1.pdb
c:\users\sheph\onedrive\doc\university\cs_&_ph\comp_4490\assignment\assignment2_root\assignment2\\build\assignment1.exe
c:\users\sheph\onedrive\doc\university\cs_&_ph\comp_4490\assignment\assignment2_root\assignment2\\build\assignment1.ilk
c:\users\sheph\onedrive\doc\university\cs_&_ph\comp_4490\assignment\assignment2_root\assignment2\opengl\debug\assignment1.tlog\cl.command.1.tlog
c:\users\sheph\onedrive\doc\university\cs_&_ph\comp_4490\assignment\assignment2_root\assignment2\opengl\debug\assignment1.tlog\cl.read.1.tlog
c:\users\sheph\onedrive\doc\university\cs_&_ph\comp_4490\assignment\assignment2_root\assignment2\opengl\debug\assignment1.tlog\cl.write.1.tlog
c:\users\sheph\onedrive\doc\university\cs_&_ph\comp_4490\assignment\assignment2_root\assignment2\opengl\debug\assignment1.tlog\link.command.1.tlog
c:\users\sheph\onedrive\doc\university\cs_&_ph\comp_4490\assignment\assignment2_root\assignment2\opengl\debug\assignment1.tlog\link.read.1.tlog
c:\users\sheph\onedrive\doc\university\cs_&_ph\comp_4490\assignment\assignment2_root\assignment2\opengl\debug\assignment1.tlog\link.write.1.tlog
c:\users\sheph\onedrive\doc\university\cs_&_ph\comp_4490\assignment\assignment2_root\assignment2\opengl\debug\assignment1.tlog\rc.command.1.tlog
c:\users\sheph\onedrive\doc\university\cs_&_ph\comp_4490\assignment\assignment2_root\assignment2\opengl\debug\assignment1.tlog\rc.read.1.tlog
c:\users\sheph\onedrive\doc\university\cs_&_ph\comp_4490\assignment\assignment2_root\assignment2\opengl\debug\assignment1.tlog\rc.write.1.tlog
